2024-01-26T15:42:41.176Z - Request handled by Server One - HEAD /
2024-01-26T15:42:42.375Z - Request handled by Server Three - HEAD /
2024-01-26T15:42:43.534Z - Request handled by Server Two - HEAD /
2024-01-26T15:42:44.506Z - Request handled by Server Four - HEAD /
2024-01-26T15:42:45.511Z - Request handled by Server Four - HEAD /
2024-01-26T15:43:01.128Z - Request handled by Server One - HEAD /
2024-01-26T15:43:02.578Z - Request handled by Server Two - HEAD /
2024-01-26T15:43:04.291Z - Request handled by Server Four - HEAD /
2024-01-26T15:43:06.464Z - Request handled by Server Three - HEAD /
2024-01-26T15:43:08.417Z - Request handled by Server Four - HEAD /
2024-01-26T15:43:10.416Z - Request handled by Server Three - HEAD /
2024-01-26T15:44:07.457Z - Request handled by Server Four - GET /
2024-01-26T15:44:07.478Z - Request handled by Server Four - GET /favicon.ico
2024-01-26T15:44:08.545Z - Request handled by Server Two - GET /
2024-01-26T15:44:08.559Z - Request handled by Server One - GET /favicon.ico
2024-01-26T15:44:09.249Z - Request handled by Server Three - GET /
2024-01-26T15:44:09.260Z - Request handled by Server Three - GET /favicon.ico
2024-01-26T15:44:10.316Z - Request handled by Server Four - GET /
2024-01-26T15:44:10.328Z - Request handled by Server Three - GET /favicon.ico
2024-01-26T15:44:11.005Z - Request handled by Server One - GET /
2024-01-26T15:44:11.020Z - Request handled by Server One - GET /favicon.ico
2024-01-26T15:44:11.550Z - Request handled by Server One - GET /
2024-01-26T15:44:11.562Z - Request handled by Server Two - GET /favicon.ico
2024-01-26T15:44:12.113Z - Request handled by Server Two - GET /
2024-01-26T15:44:12.125Z - Request handled by Server Two - GET /favicon.ico
2024-01-26T15:44:12.833Z - Request handled by Server One - GET /
2024-01-26T15:44:12.849Z - Request handled by Server Three - GET /favicon.ico
2024-01-26T15:44:13.651Z - Request handled by Server Three - GET /
2024-01-26T15:44:13.663Z - Request handled by Server One - GET /favicon.ico
2024-01-26T15:44:14.302Z - Request handled by Server Three - GET /
2024-01-26T15:44:14.316Z - Request handled by Server Two - GET /favicon.ico
2024-01-26T15:44:15.142Z - Request handled by Server Three - GET /
2024-01-26T15:44:15.152Z - Request handled by Server Two - GET /favicon.ico
2024-01-26T15:44:15.668Z - Request handled by Server Four - GET /
2024-01-26T15:44:15.685Z - Request handled by Server Three - GET /favicon.ico
2024-01-26T15:55:30.139Z - Request handled by Server One - GET /
2024-01-26T15:55:30.186Z - Request handled by Server Two - GET /favicon.ico
2024-01-26T15:55:33.004Z - Request handled by Server Three - GET /
2024-01-26T15:55:33.034Z - Request handled by Server Four - GET /favicon.ico
2024-01-26T15:55:33.916Z - Request handled by Server One - GET /
2024-01-26T15:55:33.931Z - Request handled by Server Two - GET /favicon.ico
2024-01-26T15:55:34.579Z - Request handled by Server Three - GET /
2024-01-26T15:55:34.595Z - Request handled by Server Four - GET /favicon.ico
2024-01-26T15:55:35.116Z - Request handled by Server One - GET /
2024-01-26T15:55:35.127Z - Request handled by Server Two - GET /favicon.ico
2024-01-26T15:55:35.643Z - Request handled by Server Three - GET /
2024-01-26T15:55:35.659Z - Request handled by Server Four - GET /favicon.ico
2024-01-26T15:55:36.196Z - Request handled by Server One - GET /
2024-01-26T15:55:36.207Z - Request handled by Server Two - GET /favicon.ico
2024-01-26T15:55:36.675Z - Request handled by Server Three - GET /
2024-01-26T15:55:36.711Z - Request handled by Server Four - GET /favicon.ico
2024-01-26T15:55:37.248Z - Request handled by Server One - GET /
2024-01-26T15:55:37.258Z - Request handled by Server Two - GET /favicon.ico
2024-01-26T15:55:37.657Z - Request handled by Server Three - GET /
2024-01-26T15:55:37.673Z - Request handled by Server Four - GET /favicon.ico
2024-01-26T15:55:38.109Z - Request handled by Server One - GET /
2024-01-26T15:55:38.143Z - Request handled by Server Two - GET /favicon.ico
2024-01-26T15:55:38.497Z - Request handled by Server Three - GET /
2024-01-26T15:55:38.531Z - Request handled by Server Four - GET /favicon.ico
2024-01-26T15:55:39.098Z - Request handled by Server One - GET /
2024-01-26T15:55:39.109Z - Request handled by Server Two - GET /favicon.ico
2024-01-26T15:55:39.509Z - Request handled by Server Three - GET /
2024-01-26T15:55:39.524Z - Request handled by Server Four - GET /favicon.ico
2024-01-26T15:55:39.942Z - Request handled by Server One - GET /
2024-01-26T15:55:39.952Z - Request handled by Server Two - GET /favicon.ico
2024-01-26T15:55:40.287Z - Request handled by Server Three - GET /
2024-01-26T15:55:40.305Z - Request handled by Server Four - GET /favicon.ico
2024-01-26T15:55:40.670Z - Request handled by Server One - GET /
2024-01-26T15:55:40.683Z - Request handled by Server Two - GET /favicon.ico
2024-01-26T15:55:41.121Z - Request handled by Server Three - GET /
2024-01-26T15:55:41.142Z - Request handled by Server Four - GET /favicon.ico
2024-01-26T15:55:41.573Z - Request handled by Server One - GET /
2024-01-26T15:55:41.608Z - Request handled by Server Two - GET /favicon.ico
2024-01-26T15:55:41.940Z - Request handled by Server Three - GET /
2024-01-26T15:55:41.956Z - Request handled by Server Four - GET /favicon.ico
2024-01-26T15:55:42.309Z - Request handled by Server One - GET /
2024-01-26T15:55:42.321Z - Request handled by Server Two - GET /favicon.ico
2024-01-26T15:55:42.670Z - Request handled by Server Three - GET /
2024-01-26T15:55:42.690Z - Request handled by Server Four - GET /favicon.ico
2024-01-26T15:55:43.059Z - Request handled by Server One - GET /
2024-01-26T15:55:43.071Z - Request handled by Server Two - GET /favicon.ico
2024-01-26T15:55:43.418Z - Request handled by Server Three - GET /
2024-01-26T15:55:43.438Z - Request handled by Server Four - GET /favicon.ico
2024-01-26T15:55:43.978Z - Request handled by Server One - GET /
2024-01-26T15:55:43.990Z - Request handled by Server Two - GET /favicon.ico
2024-01-26T15:55:44.483Z - Request handled by Server Three - GET /
2024-01-26T15:55:44.500Z - Request handled by Server Four - GET /favicon.ico
2024-01-26T15:56:02.069Z - Request handled by Server One - GET /
2024-01-26T15:56:02.086Z - Request handled by Server Two - GET /favicon.ico
2024-01-26T15:56:05.431Z - Request handled by Server Three - GET /
2024-01-26T15:56:05.459Z - Request handled by Server Four - GET /favicon.ico
2024-01-26T15:56:06.129Z - Request handled by Server One - GET /
2024-01-26T15:56:06.150Z - Request handled by Server Two - GET /favicon.ico
2024-01-26T15:56:06.568Z - Request handled by Server Three - GET /
2024-01-26T15:56:06.591Z - Request handled by Server Four - GET /favicon.ico
2024-01-26T15:56:08.114Z - Request handled by Server One - GET /
2024-01-26T15:56:08.141Z - Request handled by Server Two - GET /favicon.ico
2024-01-26T15:56:08.557Z - Request handled by Server Three - GET /
2024-01-26T15:56:08.579Z - Request handled by Server Four - GET /favicon.ico
2024-01-26T15:58:16.038Z - Request handled by Server One - GET /
2024-01-26T15:58:16.045Z - Request handled by Server Two - GET /favicon.ico
2024-01-26T15:58:16.996Z - Request handled by Server Three - GET /
2024-01-26T15:58:17.010Z - Request handled by Server Four - GET /favicon.ico
2024-01-26T15:58:18.216Z - Request handled by Server One - GET /
2024-01-26T15:58:18.221Z - Request handled by Server Two - GET /favicon.ico
2024-01-26T15:58:19.481Z - Request handled by Server Three - GET /
2024-01-26T15:58:19.518Z - Request handled by Server Four - GET /favicon.ico
2024-01-26T15:58:20.660Z - Request handled by Server One - GET /
2024-01-26T15:58:20.666Z - Request handled by Server Two - GET /favicon.ico
2024-01-26T15:58:22.234Z - Request handled by Server Three - GET /
2024-01-26T15:58:22.268Z - Request handled by Server Four - GET /favicon.ico
2024-01-26T15:58:23.378Z - Request handled by Server One - GET /
2024-01-26T15:58:23.386Z - Request handled by Server Two - GET /favicon.ico
2024-01-26T15:58:23.890Z - Request handled by Server Three - GET /
2024-01-26T15:58:23.901Z - Request handled by Server Four - GET /favicon.ico
2024-01-26T15:58:57.638Z - Request handled by Server One - GET /
2024-01-26T15:58:57.642Z - Request handled by Server Two - GET /favicon.ico
2024-01-26T15:58:58.940Z - Request handled by Server Three - GET /
2024-01-26T15:58:58.955Z - Request handled by Server Four - GET /favicon.ico
2024-01-26T15:58:59.786Z - Request handled by Server One - GET /
2024-01-26T15:58:59.790Z - Request handled by Server Two - GET /favicon.ico
2024-01-26T15:59:00.186Z - Request handled by Server Three - GET /
2024-01-26T15:59:00.211Z - Request handled by Server Four - GET /favicon.ico
2024-01-26T15:59:00.744Z - Request handled by Server One - GET /
2024-01-26T15:59:00.752Z - Request handled by Server Two - GET /favicon.ico
2024-01-26T15:59:01.279Z - Request handled by Server Three - GET /
2024-01-26T15:59:01.290Z - Request handled by Server Four - GET /favicon.ico
2024-01-26T15:59:01.962Z - Request handled by Server One - GET /
2024-01-26T15:59:01.968Z - Request handled by Server Two - GET /favicon.ico
2024-01-26T15:59:02.418Z - Request handled by Server Three - GET /
2024-01-26T15:59:02.430Z - Request handled by Server Four - GET /favicon.ico
2024-01-26T15:59:02.798Z - Request handled by Server One - GET /
2024-01-26T15:59:02.817Z - Request handled by Server Two - GET /favicon.ico
2024-01-26T15:59:03.075Z - Request handled by Server Three - GET /
2024-01-26T15:59:03.089Z - Request handled by Server Four - GET /favicon.ico
2024-01-26T15:59:03.377Z - Request handled by Server One - GET /
2024-01-26T15:59:03.390Z - Request handled by Server Two - GET /favicon.ico
2024-01-26T15:59:03.641Z - Request handled by Server Three - GET /
2024-01-26T15:59:03.655Z - Request handled by Server Four - GET /favicon.ico
2024-01-26T16:01:10.760Z - Request handled by Server One - GET /2322
2024-01-26T16:01:10.786Z - Request handled by Server Two - GET /favicon.ico
2024-01-26T16:01:13.905Z - Request handled by Server Three - GET /2322
2024-01-26T16:01:13.942Z - Request handled by Server Four - GET /favicon.ico
2024-01-26T16:01:15.560Z - Request handled by Server One - GET /2322
2024-01-26T16:01:15.571Z - Request handled by Server Two - GET /favicon.ico
2024-01-26T16:01:16.959Z - Request handled by Server Three - GET /2322
2024-01-26T16:01:16.971Z - Request handled by Server Four - GET /favicon.ico
2024-01-26T16:01:18.841Z - Request handled by Server One - GET /2322
2024-01-26T16:01:18.851Z - Request handled by Server Two - GET /favicon.ico
2024-01-26T22:13:52.603Z - Request handled by Server Three - GET /favicon.ico
2024-01-27T23:16:26.529Z - Request handled by Server Four - GET /favicon.ico
2024-01-27T23:16:35.358Z - Request handled by Server One - GET /
2024-01-27T23:16:35.395Z - Request handled by Server Two - GET /favicon.ico
2024-01-27T23:16:39.364Z - Request handled by Server Three - GET /
2024-01-27T23:16:39.376Z - Request handled by Server Four - GET /favicon.ico
2024-01-27T23:16:40.757Z - Request handled by Server One - GET /
2024-01-27T23:16:40.768Z - Request handled by Server Two - GET /favicon.ico
2024-01-27T23:16:41.108Z - Request handled by Server Three - GET /
2024-01-27T23:16:41.120Z - Request handled by Server Four - GET /favicon.ico
2024-01-27T23:16:41.338Z - Request handled by Server One - GET /
2024-01-27T23:16:41.351Z - Request handled by Server Two - GET /favicon.ico
2024-01-27T23:16:41.594Z - Request handled by Server Three - GET /
2024-01-27T23:16:41.606Z - Request handled by Server Four - GET /favicon.ico
2024-01-27T23:16:41.820Z - Request handled by Server One - GET /
2024-01-27T23:16:41.831Z - Request handled by Server Two - GET /favicon.ico
2024-01-27T23:16:42.056Z - Request handled by Server Three - GET /
2024-01-27T23:16:42.066Z - Request handled by Server Four - GET /favicon.ico
2024-01-27T23:17:25.342Z - Request handled by Server One - GET /
2024-01-27T23:17:25.356Z - Request handled by Server Two - GET /favicon.ico
2024-01-27T23:17:26.700Z - Request handled by Server Three - GET /
2024-01-27T23:17:26.715Z - Request handled by Server Four - GET /favicon.ico
2024-01-27T23:17:27.987Z - Request handled by Server One - GET /
2024-01-27T23:17:27.999Z - Request handled by Server Two - GET /favicon.ico
2024-01-27T23:19:34.737Z - Request handled by Server One - GET /
2024-01-27T23:19:34.764Z - Request handled by Server Two - GET /favicon.ico
2024-01-27T23:19:35.318Z - Request handled by Server Three - GET /
2024-01-27T23:19:35.330Z - Request handled by Server Four - GET /favicon.ico
2024-01-27T23:19:35.782Z - Request handled by Server One - GET /
2024-01-27T23:19:35.794Z - Request handled by Server Two - GET /favicon.ico
2024-01-27T23:19:36.072Z - Request handled by Server Three - GET /
2024-01-27T23:19:36.086Z - Request handled by Server Four - GET /favicon.ico
2024-01-27T23:19:36.395Z - Request handled by Server One - GET /
2024-01-27T23:19:36.410Z - Request handled by Server Two - GET /favicon.ico
2024-01-27T23:19:36.683Z - Request handled by Server Three - GET /
2024-01-27T23:19:36.693Z - Request handled by Server Four - GET /favicon.ico
2024-01-27T23:19:36.999Z - Request handled by Server One - GET /
2024-01-27T23:19:37.010Z - Request handled by Server Two - GET /favicon.ico
2024-01-27T23:19:37.349Z - Request handled by Server Three - GET /
2024-01-27T23:19:37.360Z - Request handled by Server Four - GET /favicon.ico
2024-01-27T23:19:37.658Z - Request handled by Server One - GET /
2024-01-27T23:19:37.670Z - Request handled by Server Two - GET /favicon.ico
2024-01-27T23:19:37.941Z - Request handled by Server Three - GET /
2024-01-27T23:19:37.954Z - Request handled by Server Four - GET /favicon.ico
2024-01-27T23:19:38.242Z - Request handled by Server One - GET /
2024-01-27T23:19:38.255Z - Request handled by Server Two - GET /favicon.ico
2024-01-27T23:19:38.546Z - Request handled by Server Three - GET /
2024-01-27T23:19:38.557Z - Request handled by Server Four - GET /favicon.ico
2024-01-27T23:19:38.833Z - Request handled by Server One - GET /
2024-01-27T23:19:38.846Z - Request handled by Server Two - GET /favicon.ico
2024-01-27T23:19:39.136Z - Request handled by Server Three - GET /
2024-01-27T23:19:39.146Z - Request handled by Server Four - GET /favicon.ico
2024-01-27T23:19:39.454Z - Request handled by Server One - GET /
2024-01-27T23:19:39.464Z - Request handled by Server Two - GET /favicon.ico
2024-01-27T23:19:39.767Z - Request handled by Server Three - GET /
2024-01-27T23:19:39.798Z - Request handled by Server Four - GET /favicon.ico
2024-01-27T23:58:16.113Z - Request handled by Server One - HEAD /
2024-01-27T23:58:16.354Z - Request handled by Server Two - HEAD /
2024-01-27T23:58:16.622Z - Request handled by Server Three - HEAD /
2024-01-27T23:58:16.859Z - Request handled by Server Four - HEAD /
2024-01-27T23:58:17.117Z - Request handled by Server One - HEAD /
2024-01-27T23:58:17.380Z - Request handled by Server Two - HEAD /
2024-01-27T23:58:17.638Z - Request handled by Server Three - HEAD /
2024-01-27T23:58:17.884Z - Request handled by Server Four - HEAD /
2024-01-27T23:58:18.128Z - Request handled by Server One - HEAD /
2024-01-27T23:58:18.359Z - Request handled by Server Two - HEAD /
2024-01-28T00:04:56.116Z - Request handled by Server Two - HEAD /
2024-01-28T00:04:56.354Z - Request handled by Server Three - HEAD /
2024-01-28T00:04:56.588Z - Request handled by Server One - HEAD /
2024-01-28T00:04:56.828Z - Request handled by Server Two - HEAD /
2024-01-28T00:04:57.064Z - Request handled by Server Three - HEAD /
2024-01-28T00:04:57.300Z - Request handled by Server Four - HEAD /
2024-01-28T00:04:57.535Z - Request handled by Server Two - HEAD /
2024-01-28T00:04:57.771Z - Request handled by Server One - HEAD /
2024-01-28T00:04:58.012Z - Request handled by Server Three - HEAD /
2024-01-28T00:04:58.244Z - Request handled by Server Two - HEAD /
